#
# A fatal error has been detected by the Java Runtime Environment:
#
#  EXCEPTION_ACCESS_VIOLATION (0xc0000005) at pc=0x034ff050, pid=10828, tid=0x00003d38
#
# JRE version: Java(TM) SE Runtime Environment (8.0_201-b09) (build 1.8.0_201-b09)
# Java VM: Java HotSpot(TM) Client VM (25.201-b09 mixed mode windows-x86 )
# Problematic frame:
# J 29327 C1 java.lang.ref.Reference.<init>(Ljava/lang/Object;Ljava/lang/ref/ReferenceQueue;)V (25 bytes) @ 0x034ff050 [0x034ff040+0x10]
#
# Failed to write core dump. Minidumps are not enabled by default on client versions of Windows
#
# If you would like to submit a bug report, please visit:
#   http://bugreport.java.com/bugreport/crash.jsp
#

---------------  T H R E A D  ---------------

Current thread (0x1afcc400):  JavaThread "File Watcher" daemon [_thread_in_Java, id=15672, stack(0x1d120000,0x1d170000)]

siginfo: ExceptionCode=0xc0000005, writing address 0x1d168fbc

Registers:
EAX=0x07a69720, EBX=0x0a1e9448, ECX=0x07a69720, EDX=0x0a1e9448
ESP=0x1d16cfbc, EBP=0x1d16d088, ESI=0x07a60d68, EDI=0x00000000
EIP=0x034ff050, EFLAGS=0x00010246

Top of Stack: (sp=0x1d16cfbc)
0x1d16cfbc:   0331db1c 00000000 1d16cff8 6f6f72f3
0x1d16cfcc:   1afcc400 e2b2b0c7 1afcc400 1afcc400
0x1d16cfdc:   1b44cb10 1d16cfd0 1d16cfd4 1d16d2dc
0x1d16cfec:   6f9b3aba 9007fbe7 fffffffe 1d16d008
0x1d16cffc:   6f6f7364 1afcc400 1d16d270 07a60d50
0x1d16d00c:   6f7f07aa 07a60d68 00000007 07a69720
0x1d16d01c:   1afcc400 1d16d040 14d13ce0 1d16d088
0x1d16d02c:   02d130dc 00000000 1d16d040 166e00b8 

Instructions: (pc=0x034ff050)
0x034ff030:   aa ff 06 90 05 68 00 00 01 00 00 e9 fb 0a 00 00
0x034ff040:   90 90 90 90 90 90 90 3b 41 04 0f 85 30 c5 6b ff
0x034ff050:   89 84 24 00 c0 ff ff 55 83 ec 18 8b 74 24 20 89
0x034ff060:   51 08 8b f9 c1 ef 09 c6 87 00 a0 bd 14 00 83 fe 


Register to memory mapping:

EAX=
[error occurred during error reporting (printing register info), id 0xc0000005]

Stack: [0x1d120000,0x1d170000],  sp=0x1d16cfbc,  free space=307k
Native frames: (J=compiled Java code, j=interpreted, Vv=VM code, C=native code)
J 29327 C1 java.lang.ref.Reference.<init>(Ljava/lang/Object;Ljava/lang/ref/ReferenceQueue;)V (25 bytes) @ 0x034ff050 [0x034ff040+0x10]
C  0x1afcc400